<?xml version="1.0" encoding="UTF-8"?>
<!-- Generated by org.testng.reporters.JUnitXMLReporter -->
<testsuite ignored="0" hostname="ANILMITTANOSALA05" failures="0" tests="1" name="Test-Runner-edge" time="447.529" errors="0" timestamp="2023-10-14T22:38:27 IST">
  <testcase classname="BaseClassPractice.CreateContactTest" name="createContactTest" time="112.986"/>
</testsuite> <!-- Test-Runner-edge -->
