<?xml version="1.0" encoding="UTF-8"?>
<!-- Generated by org.testng.reporters.JUnitXMLReporter -->
<testsuite ignored="0" hostname="ANILMITTANOSALA05" failures="0" tests="1" name="Test-Runner-2" time="114.192" errors="0" timestamp="2023-10-11T20:34:45 IST">
  <testcase classname="BaseClassPractice.CreateContactWithOrganizationTest" name="createContactWithOrganizationTest" time="60.538"/>
</testsuite> <!-- Test-Runner-2 -->
