<?xml version="1.0" encoding="UTF-8"?>
<!-- Generated by org.testng.reporters.JUnitXMLReporter -->
<testsuite ignored="0" hostname="ANILMITTANOSALA05" failures="0" tests="1" name="Test-Runner-1" time="96.49" errors="0" timestamp="2023-10-11T20:34:27 IST">
  <testcase classname="BaseClassPractice.CreateContactTest" name="createContactTest" time="50.53"/>
</testsuite> <!-- Test-Runner-1 -->
