<?xml version="1.0" encoding="UTF-8"?>
<!-- Generated by org.testng.reporters.JUnitReportReporter -->
<testsuite hostname="ANILMITTANOSALA05" failures="0" tests="3" name="practice.DataProviderPractices" time="0.011" errors="0" timestamp="2023-10-05T23:05:33 IST" skipped="0">
  <testcase classname="practice.DataProviderPractices" name="addProductFromCart" time="0.007"/>
  <system-out/>
  <testcase classname="practice.DataProviderPractices" name="addProductFromCart" time="0.002"/>
  <system-out/>
  <testcase classname="practice.DataProviderPractices" name="addProductFromCart" time="0.002"/>
  <system-out/>
</testsuite> <!-- practice.DataProviderPractices -->
