<?xml version="1.0" encoding="UTF-8"?>
<!-- Generated by org.testng.reporters.JUnitReportReporter -->
<testsuite hostname="ANILMITTANOSALA05" failures="0" tests="1" name="BaseClassPractice.CreateOrganizationTest" time="22.682" errors="0" timestamp="2023-10-10T21:03:45 IST" skipped="0">
  <testcase classname="BaseClassPractice.CreateOrganizationTest" name="createOrgTest" time="22.682"/>
  <system-out/>
</testsuite> <!-- BaseClassPractice.CreateOrganizationTest -->
