<?xml version="1.0" encoding="UTF-8"?>
<!-- Generated by org.testng.reporters.JUnitReportReporter -->
<testsuite hostname="ANILMITTANOSALA05" failures="0" tests="1" name="BaseClassPractice.CreateContactWithOrganizationTest" time="96.869" errors="0" timestamp="2023-10-11T20:34:45 IST" skipped="0">
  <testcase classname="BaseClassPractice.CreateContactWithOrganizationTest" name="createContactWithOrganizationTest" time="96.869"/>
  <system-out/>
</testsuite> <!-- BaseClassPractice.CreateContactWithOrganizationTest -->
