<?xml version="1.0" encoding="UTF-8"?>
<!-- Generated by org.testng.reporters.JUnitReportReporter -->
<testsuite hostname="ANILMITTANOSALA05" failures="0" tests="1" name="BaseClassPractice.CreateContactWithOrganizationTest" time="66.456" errors="0" timestamp="2023-10-31T21:01:37 IST" skipped="0">
  <testcase classname="BaseClassPractice.CreateContactWithOrganizationTest" name="createContactWithOrganizationTest" time="66.456"/>
  <system-out/>
</testsuite> <!-- BaseClassPractice.CreateContactWithOrganizationTest -->
