<?xml version="1.0" encoding="UTF-8"?>
<!-- Generated by org.testng.reporters.JUnitReportReporter -->
<testsuite hostname="ANILMITTANOSALA05" failures="0" tests="1" name="ContactsTests.CreateContactWithOrganizationTest" time="70.363" errors="0" timestamp="2023-10-11T20:08:59 IST" skipped="0">
  <testcase classname="ContactsTests.CreateContactWithOrganizationTest" name="createContactWithOrganizationTest" time="70.363"/>
  <system-out/>
</testsuite> <!-- ContactsTests.CreateContactWithOrganizationTest -->
