<?xml version="1.0" encoding="UTF-8"?>
<!-- Generated by org.testng.reporters.JUnitReportReporter -->
<testsuite hostname="ANILMITTANOSALA05" failures="0" tests="1" name="practice.ReadDataFromCmd" time="0.035" errors="0" timestamp="2023-10-25T19:57:27 IST" skipped="0">
  <testcase classname="practice.ReadDataFromCmd" name="read" time="0.035"/>
  <system-out/>
</testsuite> <!-- practice.ReadDataFromCmd -->
